2017-08-07 13:10:55,396 INFO: This is Atropos 1.1.5 with Python 3.6.2
2017-08-07 13:10:55,408 INFO: Trimming 1 adapter with at most 10.0% errors in single-end mode ...
=======
Atropos
=======

Atropos version: 1.1.5
Python version: 3.6.2
Command line parameters: trim --quality-base=33 --quality-cutoff=5 --format=fastq -a CTCTTCCGATCT --minimum-length=25 -se test.fast -o test2.fastq.gz

Sample ID: test
Input format: FASTQ, Read 1, w/ Qualities
Input files:
  /tmp/test.fast
  None

Start time: 2017-08-07T13:10:55.397308
Wallclock time: 15.36 s (61 us/read; 0.98 M reads/minute)
CPU time (main process): 9.97 s

--------
Trimming
--------

Reads                                  records   fraction
----------------------------------- ---------- ----------
Total reads processed:                 250,000
Reads with adapter:                      6,920       2.8%
Reads that were too short:                  30       0.0%
Reads written (passing filters):       249,970     100.0%

Base pairs                                  bp   fraction
----------------------------------- ---------- ----------
Total bp processed:                 21,250,000
Quality-trimmed                              0          0
Total bp written (filtered):        21,222,154      99.9%

---------
Adapter 1
---------

Sequence     Type       Length Trimmed (x)
------------ ---------- ------ -----------
CTCTTCCGATCT regular 3'     12       6,920

No. of allowed errors:
0-9 bp: 0; 10-12 bp: 1

Bases preceding removed adapters:
  A          19.1%
  C          28.0%
  G          21.4%
  T          31.4%
  none/other  0.0%

Overview of removed sequences:
length count   expect max.err error counts
                              0    1      
------ ----- -------- ------- ------------
     3 4,854 15,625.0       0 4854        
     4 1,370  3,906.2       0 1370        
     5   418    976.6       0 418         
     6   138    488.3       0 138         
     7    47    244.1       0 47          
     9     4     30.5       0 0    4      
    10     3      7.6       1 1    2      
    11     6      3.8       1 2    4      
    12     3      1.0       1 0    3      
    13     1      1.0       1 0    1      
    16     3      1.0       1 0    3      
    17     1      1.0       1 0    1      
    18     2      1.0       1 0    2      
    20     2      1.0       1 0    2      
    23     2      1.0       1 0    2      
    26     1      1.0       1 0    1      
    28     1      1.0       1 0    1      
    31     1      1.0       1 0    1      
    33     3      1.0       1 0    3      
    34     1      1.0       1 0    1      
    35     1      1.0       1 0    1      
    37     1      1.0       1 0    1      
    39     1      1.0       1 0    1      
    40     1      1.0       1 0    1      
    41     3      1.0       1 0    3      
    43     1      1.0       1 0    1      
    44     1      1.0       1 0    1      
    45     1      1.0       1 0    1      
    46     1      1.0       1 0    1      
    48     3      1.0       1 0    3      
    50     3      1.0       1 0    3      
    51     1      1.0       1 0    1      
    53     1      1.0       1 0    1      
    54     1      1.0       1 0    1      
    55     2      1.0       1 0    2      
    56     1      1.0       1 0    1      
    57     2      1.0       1 0    2      
    58     1      1.0       1 0    1      
    59     1      1.0       1 0    1      
    60     2      1.0       1 0    2      
    61     3      1.0       1 0    3      
    62     2      1.0       1 0    2      
    63     1      1.0       1 0    1      
    64     3      1.0       1 0    3      
    66     1      1.0       1 0    1      
    67     2      1.0       1 1    1      
    68     1      1.0       1 0    1      
    71     3      1.0       1 0    3      
    72     1      1.0       1 0    1      
    73     1      1.0       1 0    1      
    74     4      1.0       1 0    4      
    75     1      1.0       1 0    1      
    78     2      1.0       1 0    2      
    80     2      1.0       1 0    2      
    83     1      1.0       1 0    1      
    84     1      1.0       1 0    1      
    85     1      1.0       1 0    1      

